<?xml version="1.0" encoding="UTF-8"?>
<testsuite name="TestSuite" time="14.28" tests="29" errors="0" skipped="0" failures="0">
  <properties>
    <property name="java.runtime.name" value="Java(TM) SE Runtime Environment"/>
    <property name="sun.boot.library.path" value="C:\Program Files\Java\jdk1.8.0_161\jre\bin"/>
    <property name="java.vm.version" value="25.161-b12"/>
    <property name="java.vm.vendor" value="Oracle Corporation"/>
    <property name="maven.multiModuleProjectDirectory" value="G:\practiseSelenium\maven2"/>
    <property name="java.vendor.url" value="http://java.oracle.com/"/>
    <property name="path.separator" value=";"/>
    <property name="guice.disable.misplaced.annotation.check" value="true"/>
    <property name="java.vm.name" value="Java HotSpot(TM) 64-Bit Server VM"/>
    <property name="file.encoding.pkg" value="sun.io"/>
    <property name="user.script" value=""/>
    <property name="user.country" value="IN"/>
    <property name="sun.java.launcher" value="SUN_STANDARD"/>
    <property name="sun.os.patch.level" value=""/>
    <property name="java.vm.specification.name" value="Java Virtual Machine Specification"/>
    <property name="user.dir" value="G:\practiseSelenium\maven2"/>
    <property name="java.runtime.version" value="1.8.0_161-b12"/>
    <property name="java.awt.graphicsenv" value="sun.awt.Win32GraphicsEnvironment"/>
    <property name="java.endorsed.dirs" value="C:\Program Files\Java\jdk1.8.0_161\jre\lib\endorsed"/>
    <property name="os.arch" value="amd64"/>
    <property name="java.io.tmpdir" value="C:\Users\Surya\AppData\Local\Temp\"/>
    <property name="line.separator" value="&#10;"/>
    <property name="java.vm.specification.vendor" value="Oracle Corporation"/>
    <property name="user.variant" value=""/>
    <property name="os.name" value="Windows 10"/>
    <property name="classworlds.conf" value="G:\practiseSelenium\.metadata\.plugins\org.eclipse.m2e.launching\launches\m2conf8802179499271093439.tmp"/>
    <property name="sun.jnu.encoding" value="Cp1252"/>
    <property name="java.library.path" value="C:\Program Files\Java\jdk1.8.0_161\bin;C:\WINDOWS\Sun\Java\bin;C:\WINDOWS\system32;C:\WINDOWS;C:/Program Files/Java/jdk1.8.0_161/bin/../jre/bin/server;C:/Program Files/Java/jdk1.8.0_161/bin/../jre/bin;C:/Program Files/Java/jdk1.8.0_161/bin/../jre/lib/amd64;&quot;:%\bin;C:\Users\Surya\Documents\Selenium\apache-maven-3.5.4\bin;C:\Program Files\Java\jdk1.8.0_161\bin;C:\Program Files (x86)\Common Files\Oracle\Java\javapath&quot;;C:\ProgramData\Oracle\Java\javapath;C:\Program Files (x86)\Intel\iCLS Client\;C:\Program Files\Intel\iCLS Client\;C:\WINDOWS\system32;C:\WINDOWS;C:\WINDOWS\System32\Wbem;C:\WINDOWS\System32\WindowsPowerShell\v1.0\;C:\Program Files (x86)\Intel\Intel(R) Management Engine Components\DAL;C:\Program Files\Intel\Intel(R) Management Engine Components\DAL;C:\Program Files (x86)\Intel\Intel(R) Management Engine Components\IPT;C:\Program Files\Intel\Intel(R) Management Engine Components\IPT;C:\WINDOWS\System32\OpenSSH\;C:\Android;C:\Windows\System32;C:\Program Files\Intel\WiFi\bin\;C:\Program Files\Common Files\Intel\WirelessCommon\;C:\Users\Surya\AppData\Local\Microsoft\WindowsApps;;%USERPROFILE%\AppData\Local\Microsoft\WindowsApps;C:\WINDOWS\System32;;."/>
    <property name="java.specification.name" value="Java Platform API Specification"/>
    <property name="java.class.version" value="52.0"/>
    <property name="sun.management.compiler" value="HotSpot 64-Bit Tiered Compilers"/>
    <property name="os.version" value="10.0"/>
    <property name="user.home" value="C:\Users\Surya"/>
    <property name="user.timezone" value="Asia/Calcutta"/>
    <property name="java.awt.printerjob" value="sun.awt.windows.WPrinterJob"/>
    <property name="java.specification.version" value="1.8"/>
    <property name="file.encoding" value="Cp1252"/>
    <property name="user.name" value="Surya"/>
    <property name="java.class.path" value="C:\Users\Surya\.p2\pool\plugins\org.eclipse.m2e.maven.runtime_1.8.3.20180227-2135\jars\plexus-classworlds-2.5.2.jar"/>
    <property name="java.vm.specification.version" value="1.8"/>
    <property name="sun.arch.data.model" value="64"/>
    <property name="java.home" value="C:\Program Files\Java\jdk1.8.0_161\jre"/>
    <property name="sun.java.command" value="org.codehaus.plexus.classworlds.launcher.Launcher -B test"/>
    <property name="java.specification.vendor" value="Oracle Corporation"/>
    <property name="user.language" value="en"/>
    <property name="awt.toolkit" value="sun.awt.windows.WToolkit"/>
    <property name="java.vm.info" value="mixed mode"/>
    <property name="java.version" value="1.8.0_161"/>
    <property name="java.ext.dirs" value="C:\Program Files\Java\jdk1.8.0_161\jre\lib\ext;C:\WINDOWS\Sun\Java\lib\ext"/>
    <property name="sun.boot.class.path" value="C:\Program Files\Java\jdk1.8.0_161\jre\lib\resources.jar;C:\Program Files\Java\jdk1.8.0_161\jre\lib\rt.jar;C:\Program Files\Java\jdk1.8.0_161\jre\lib\sunrsasign.jar;C:\Program Files\Java\jdk1.8.0_161\jre\lib\jsse.jar;C:\Program Files\Java\jdk1.8.0_161\jre\lib\jce.jar;C:\Program Files\Java\jdk1.8.0_161\jre\lib\charsets.jar;C:\Program Files\Java\jdk1.8.0_161\jre\lib\jfr.jar;C:\Program Files\Java\jdk1.8.0_161\jre\classes"/>
    <property name="java.vendor" value="Oracle Corporation"/>
    <property name="maven.home" value="G:\practiseSelenium\maven2\EMBEDDED"/>
    <property name="file.separator" value="\"/>
    <property name="java.vendor.url.bug" value="http://bugreport.sun.com/bugreport/"/>
    <property name="sun.cpu.endian" value="little"/>
    <property name="sun.io.unicode.encoding" value="UnicodeLittle"/>
    <property name="sun.desktop" value="windows"/>
    <property name="sun.cpu.isalist" value="amd64"/>
  </properties>
  <testcase name="testing_userName_shadow_enteringText" classname="testcases.TC1_TextBox_Page" time="0.182"/>
  <testcase name="testing_userEmail_shadow_entering_Valid_Text" classname="testcases.TC1_TextBox_Page" time="0.188"/>
  <testcase name="testing_currentAddress_shadow_enteringText" classname="testcases.TC1_TextBox_Page" time="0.17"/>
  <testcase name="testing_permanenAddress_shadow_enteringText" classname="testcases.TC1_TextBox_Page" time="0.136"/>
  <testcase name="testing_submit_button_with_ValidData" classname="testcases.TC1_TextBox_Page" time="1.29"/>
  <testcase name="testing_form_by_entering_Invalid_Email" classname="testcases.TC1_TextBox_Page" time="1.269"/>
  <testcase name="testing_Unexpanded_Expansion" classname="testcases.TC2_CheckBox_Page" time="0.032"/>
  <testcase name="testing_ExpandAll_Button" classname="testcases.TC2_CheckBox_Page" time="0.144"/>
  <testcase name="testing_CollapseAll_Button" classname="testcases.TC2_CheckBox_Page" time="0.095"/>
  <testcase name="testing_desktop_checkBox_text_by_Checking" classname="testcases.TC2_CheckBox_Page" time="0.212"/>
  <testcase name="testing_desktop_checkBox_text_by_UnChecking" classname="testcases.TC2_CheckBox_Page" time="0.061"/>
  <testcase name="testing_documents_checkBox_text_by_Checking" classname="testcases.TC2_CheckBox_Page" time="0.291"/>
  <testcase name="testing_documents_checkBox_text_by_UnChecking" classname="testcases.TC2_CheckBox_Page" time="0.062"/>
  <testcase name="testing_downloads_checkBox_text_by_Checking" classname="testcases.TC2_CheckBox_Page" time="0.18"/>
  <testcase name="testing_downloads_checkBox_text_by_UnChecking" classname="testcases.TC2_CheckBox_Page" time="0.067"/>
  <testcase name="testing_status_of_radiobuttons" classname="testcases.TC3_RadioButton_Page" time="0.146"/>
  <testcase name="testing_Yes_radio_button" classname="testcases.TC3_RadioButton_Page" time="0.118"/>
  <testcase name="testing_Impressive_radio_button" classname="testcases.TC3_RadioButton_Page" time="0.098"/>
  <testcase name="testing_No_radio_button" classname="testcases.TC3_RadioButton_Page" time="0.126"/>
  <testcase name="testing_left_click_button" classname="testcases.TC5_Buttons_Page" time="0.172"/>
  <testcase name="testing_right_click_button" classname="testcases.TC5_Buttons_Page" time="0.363"/>
  <testcase name="testing_double_click_button" classname="testcases.TC5_Buttons_Page" time="0.467"/>
  <testcase name="testing_New_Tab_Button" classname="testcases.TC21_BrowserWindows_Page" time="2.223"/>
  <testcase name="testing_New_Window_Button" classname="testcases.TC21_BrowserWindows_Page" time="0.203"/>
  <testcase name="testing_New_Window_with_Message_Button" classname="testcases.TC21_BrowserWindows_Page" time="0.294"/>
  <testcase name="testing_alert_button" classname="testcases.TC22_Alerts_Page" time="0.109"/>
  <testcase name="testing_timed_alert_button" classname="testcases.TC22_Alerts_Page" time="5.178"/>
  <testcase name="testing_confirm_button" classname="testcases.TC22_Alerts_Page" time="0.216"/>
  <testcase name="testing_prompt_button" classname="testcases.TC22_Alerts_Page" time="0.188"/>
</testsuite>