<?xml version="1.0" encoding="UTF-8"?>
<testsuite name="TestSuite" time="3.772" tests="19" errors="0" skipped="0" failures="0">
  <properties>
    <property name="java.runtime.name" value="Java(TM) SE Runtime Environment"/>
    <property name="sun.boot.library.path" value="C:\Program Files\Java\jdk1.8.0_161\jre\bin"/>
    <property name="java.vm.version" value="25.161-b12"/>
    <property name="java.vm.vendor" value="Oracle Corporation"/>
    <property name="maven.multiModuleProjectDirectory" value="G:\practiseSelenium\maven2"/>
    <property name="java.vendor.url" value="http://java.oracle.com/"/>
    <property name="path.separator" value=";"/>
    <property name="guice.disable.misplaced.annotation.check" value="true"/>
    <property name="java.vm.name" value="Java HotSpot(TM) 64-Bit Server VM"/>
    <property name="file.encoding.pkg" value="sun.io"/>
    <property name="user.script" value=""/>
    <property name="user.country" value="IN"/>
    <property name="sun.java.launcher" value="SUN_STANDARD"/>
    <property name="sun.os.patch.level" value=""/>
    <property name="java.vm.specification.name" value="Java Virtual Machine Specification"/>
    <property name="user.dir" value="G:\practiseSelenium\maven2"/>
    <property name="java.runtime.version" value="1.8.0_161-b12"/>
    <property name="java.awt.graphicsenv" value="sun.awt.Win32GraphicsEnvironment"/>
    <property name="java.endorsed.dirs" value="C:\Program Files\Java\jdk1.8.0_161\jre\lib\endorsed"/>
    <property name="os.arch" value="amd64"/>
    <property name="java.io.tmpdir" value="C:\Users\Surya\AppData\Local\Temp\"/>
    <property name="line.separator" value="&#10;"/>
    <property name="java.vm.specification.vendor" value="Oracle Corporation"/>
    <property name="user.variant" value=""/>
    <property name="os.name" value="Windows 10"/>
    <property name="classworlds.conf" value="G:\practiseSelenium\.metadata\.plugins\org.eclipse.m2e.launching\launches\m2conf4378891671951577276.tmp"/>
    <property name="sun.jnu.encoding" value="Cp1252"/>
    <property name="java.library.path" value="C:\Program Files\Java\jdk1.8.0_161\bin;C:\WINDOWS\Sun\Java\bin;C:\WINDOWS\system32;C:\WINDOWS;C:/Program Files/Java/jdk1.8.0_161/bin/../jre/bin/server;C:/Program Files/Java/jdk1.8.0_161/bin/../jre/bin;C:/Program Files/Java/jdk1.8.0_161/bin/../jre/lib/amd64;&quot;:%\bin;C:\Users\Surya\Documents\Selenium\apache-maven-3.5.4\bin;C:\Program Files\Java\jdk1.8.0_161\bin;C:\Program Files (x86)\Common Files\Oracle\Java\javapath&quot;;C:\ProgramData\Oracle\Java\javapath;C:\Program Files (x86)\Intel\iCLS Client\;C:\Program Files\Intel\iCLS Client\;C:\WINDOWS\system32;C:\WINDOWS;C:\WINDOWS\System32\Wbem;C:\WINDOWS\System32\WindowsPowerShell\v1.0\;C:\Program Files (x86)\Intel\Intel(R) Management Engine Components\DAL;C:\Program Files\Intel\Intel(R) Management Engine Components\DAL;C:\Program Files (x86)\Intel\Intel(R) Management Engine Components\IPT;C:\Program Files\Intel\Intel(R) Management Engine Components\IPT;C:\WINDOWS\System32\OpenSSH\;C:\Android;C:\Windows\System32;C:\Program Files\Intel\WiFi\bin\;C:\Program Files\Common Files\Intel\WirelessCommon\;C:\Users\Surya\AppData\Local\Microsoft\WindowsApps;;%USERPROFILE%\AppData\Local\Microsoft\WindowsApps;C:\WINDOWS\System32;;."/>
    <property name="java.specification.name" value="Java Platform API Specification"/>
    <property name="java.class.version" value="52.0"/>
    <property name="sun.management.compiler" value="HotSpot 64-Bit Tiered Compilers"/>
    <property name="os.version" value="10.0"/>
    <property name="user.home" value="C:\Users\Surya"/>
    <property name="user.timezone" value="Asia/Calcutta"/>
    <property name="java.awt.printerjob" value="sun.awt.windows.WPrinterJob"/>
    <property name="java.specification.version" value="1.8"/>
    <property name="file.encoding" value="Cp1252"/>
    <property name="user.name" value="Surya"/>
    <property name="java.class.path" value="C:\Users\Surya\.p2\pool\plugins\org.eclipse.m2e.maven.runtime_1.8.3.20180227-2135\jars\plexus-classworlds-2.5.2.jar"/>
    <property name="java.vm.specification.version" value="1.8"/>
    <property name="sun.arch.data.model" value="64"/>
    <property name="java.home" value="C:\Program Files\Java\jdk1.8.0_161\jre"/>
    <property name="sun.java.command" value="org.codehaus.plexus.classworlds.launcher.Launcher -B test"/>
    <property name="java.specification.vendor" value="Oracle Corporation"/>
    <property name="user.language" value="en"/>
    <property name="awt.toolkit" value="sun.awt.windows.WToolkit"/>
    <property name="java.vm.info" value="mixed mode"/>
    <property name="java.version" value="1.8.0_161"/>
    <property name="java.ext.dirs" value="C:\Program Files\Java\jdk1.8.0_161\jre\lib\ext;C:\WINDOWS\Sun\Java\lib\ext"/>
    <property name="sun.boot.class.path" value="C:\Program Files\Java\jdk1.8.0_161\jre\lib\resources.jar;C:\Program Files\Java\jdk1.8.0_161\jre\lib\rt.jar;C:\Program Files\Java\jdk1.8.0_161\jre\lib\sunrsasign.jar;C:\Program Files\Java\jdk1.8.0_161\jre\lib\jsse.jar;C:\Program Files\Java\jdk1.8.0_161\jre\lib\jce.jar;C:\Program Files\Java\jdk1.8.0_161\jre\lib\charsets.jar;C:\Program Files\Java\jdk1.8.0_161\jre\lib\jfr.jar;C:\Program Files\Java\jdk1.8.0_161\jre\classes"/>
    <property name="java.vendor" value="Oracle Corporation"/>
    <property name="maven.home" value="G:\practiseSelenium\maven2\EMBEDDED"/>
    <property name="file.separator" value="\"/>
    <property name="java.vendor.url.bug" value="http://bugreport.sun.com/bugreport/"/>
    <property name="sun.cpu.endian" value="little"/>
    <property name="sun.io.unicode.encoding" value="UnicodeLittle"/>
    <property name="sun.desktop" value="windows"/>
    <property name="sun.cpu.isalist" value="amd64"/>
  </properties>
  <testcase name="testing_userName_shadow_enteringText" classname="testcases.TC1_TextBox_Page" time="0.148"/>
  <testcase name="testing_userEmail_shadow_entering_Valid_Text" classname="testcases.TC1_TextBox_Page" time="0.16"/>
  <testcase name="testing_currentAddress_shadow_enteringText" classname="testcases.TC1_TextBox_Page" time="0.149"/>
  <testcase name="testing_permanenAddress_shadow_enteringText" classname="testcases.TC1_TextBox_Page" time="0.111"/>
  <testcase name="testing_submit_button_with_ValidData" classname="testcases.TC1_TextBox_Page" time="1.004"/>
  <testcase name="testing_form_by_entering_Invalid_Email" classname="testcases.TC1_TextBox_Page" time="1.107"/>
  <testcase name="testing_Unexanded_Expansion" classname="testcases.TC2_CheckBox_Page" time="0.027"/>
  <testcase name="testing_ExpandAll_Button" classname="testcases.TC2_CheckBox_Page" time="0.111"/>
  <testcase name="testing_CollapseAll_Button" classname="testcases.TC2_CheckBox_Page" time="0.076"/>
  <testcase name="testing_desktop_checkBox_text_by_Checking" classname="testcases.TC2_CheckBox_Page" time="0.163"/>
  <testcase name="testing_desktop_checkBox_text_by_UnChecking" classname="testcases.TC2_CheckBox_Page" time="0.058"/>
  <testcase name="testing_documents_checkBox_text_by_Checking" classname="testcases.TC2_CheckBox_Page" time="0.235"/>
  <testcase name="testing_documents_checkBox_text_by_UnChecking" classname="testcases.TC2_CheckBox_Page" time="0.059"/>
  <testcase name="testing_downloads_checkBox_text_by_Checking" classname="testcases.TC2_CheckBox_Page" time="0.145"/>
  <testcase name="testing_downloads_checkBox_text_by_UnChecking" classname="testcases.TC2_CheckBox_Page" time="0.061"/>
  <testcase name="testingHeader_radiobutton_text" classname="testcases.TC3_RadioButton_Page" time="0.028"/>
  <testcase name="testing_Impressive_radio_button" classname="testcases.TC3_RadioButton_Page" time="0.048"/>
  <testcase name="testing_No_radio_button" classname="testcases.TC3_RadioButton_Page" time="0.036"/>
  <testcase name="testing_Yes_radio_button" classname="testcases.TC3_RadioButton_Page" time="0.046"/>
</testsuite>