<?xml version="1.0" encoding="UTF-8"?>
<!-- Generated by org.testng.reporters.JUnitReportReporter -->
<testsuite skipped="0" hostname="Surya" name="testcases.TC3_RadioButton_Page" tests="4" failures="0" timestamp="02 Nov 2020 06:49:11 GMT" time="3.568" errors="0">
  <testcase name="testing_status_of_radiobuttons" time="1.120" classname="testcases.TC3_RadioButton_Page"/>
  <testcase name="testing_Yes_radio_button" time="0.851" classname="testcases.TC3_RadioButton_Page"/>
  <testcase name="testing_Impressive_radio_button" time="0.767" classname="testcases.TC3_RadioButton_Page"/>
  <testcase name="testing_No_radio_button" time="0.830" classname="testcases.TC3_RadioButton_Page"/>
</testsuite> <!-- testcases.TC3_RadioButton_Page -->
