<?xml version="1.0" encoding="UTF-8"?>
<!-- Generated by org.testng.reporters.JUnitReportReporter -->
<testsuite skipped="0" hostname="Surya" name="testcases.TC2_CheckBox_Page" tests="9" failures="0" timestamp="02 Nov 2020 06:49:11 GMT" time="1.397" errors="0">
  <testcase name="testing_Unexpanded_Expansion" time="0.051" classname="testcases.TC2_CheckBox_Page"/>
  <testcase name="testing_ExpandAll_Button" time="0.207" classname="testcases.TC2_CheckBox_Page"/>
  <testcase name="testing_CollapseAll_Button" time="0.133" classname="testcases.TC2_CheckBox_Page"/>
  <testcase name="testing_desktop_checkBox_text_by_Checking" time="0.245" classname="testcases.TC2_CheckBox_Page"/>
  <testcase name="testing_desktop_checkBox_text_by_UnChecking" time="0.061" classname="testcases.TC2_CheckBox_Page"/>
  <testcase name="testing_documents_checkBox_text_by_Checking" time="0.332" classname="testcases.TC2_CheckBox_Page"/>
  <testcase name="testing_documents_checkBox_text_by_UnChecking" time="0.059" classname="testcases.TC2_CheckBox_Page"/>
  <testcase name="testing_downloads_checkBox_text_by_Checking" time="0.246" classname="testcases.TC2_CheckBox_Page"/>
  <testcase name="testing_downloads_checkBox_text_by_UnChecking" time="0.063" classname="testcases.TC2_CheckBox_Page"/>
</testsuite> <!-- testcases.TC2_CheckBox_Page -->
