<?xml version="1.0" encoding="UTF-8"?>
<!-- Generated by org.testng.reporters.JUnitReportReporter -->
<testsuite skipped="0" hostname="Surya" name="testcases.TC1_TextBox_Page" tests="6" failures="0" timestamp="04 Nov 2020 07:04:04 GMT" time="3.008" errors="0">
  <testcase name="testing_userName_shadow_enteringText" time="0.168" classname="testcases.TC1_TextBox_Page"/>
  <testcase name="testing_userEmail_shadow_entering_Valid_Text" time="0.187" classname="testcases.TC1_TextBox_Page"/>
  <testcase name="testing_currentAddress_shadow_enteringText" time="0.164" classname="testcases.TC1_TextBox_Page"/>
  <testcase name="testing_permanenAddress_shadow_enteringText" time="0.143" classname="testcases.TC1_TextBox_Page"/>
  <testcase name="testing_submit_button_with_ValidData" time="1.138" classname="testcases.TC1_TextBox_Page"/>
  <testcase name="testing_form_by_entering_Invalid_Email" time="1.208" classname="testcases.TC1_TextBox_Page"/>
</testsuite> <!-- testcases.TC1_TextBox_Page -->
