<?xml version="1.0" encoding="UTF-8"?>
<!-- Generated by org.testng.reporters.JUnitReportReporter -->
<testsuite skipped="0" hostname="Surya" name="testcases.TestingParallel" tests="3" failures="0" timestamp="23 Oct 2020 07:32:11 GMT" time="57.490" errors="0">
  <testcase name="m2" time="18.760" classname="testcases.TestingParallel"/>
  <testcase name="m3" time="25.210" classname="testcases.TestingParallel"/>
  <testcase name="m1" time="13.520" classname="testcases.TestingParallel"/>
</testsuite> <!-- testcases.TestingParallel -->
