<?xml version="1.0" encoding="UTF-8"?>
<!-- Generated by org.testng.reporters.JUnitReportReporter -->
<testsuite skipped="0" hostname="Surya" name="testcases.TC3" tests="2" failures="0" timestamp="16 Oct 2020 04:30:33 GMT" time="26.337" errors="0">
  <testcase name="m1" time="15.122" classname="testcases.TC3"/>
  <testcase name="m2" time="11.215" classname="testcases.TC3"/>
</testsuite> <!-- testcases.TC3 -->
