<?xml version="1.0" encoding="UTF-8"?>
<!-- Generated by org.testng.reporters.JUnitReportReporter -->
<testsuite skipped="0" hostname="Surya" name="testcases.TC5_Buttons_Page" tests="3" failures="0" timestamp="02 Nov 2020 06:49:11 GMT" time="3.233" errors="0">
  <testcase name="testing_left_click_button" time="0.886" classname="testcases.TC5_Buttons_Page"/>
  <testcase name="testing_right_click_button" time="1.096" classname="testcases.TC5_Buttons_Page"/>
  <testcase name="testing_double_click_button" time="1.251" classname="testcases.TC5_Buttons_Page"/>
</testsuite> <!-- testcases.TC5_Buttons_Page -->
