<?xml version="1.0" encoding="UTF-8"?>
<!-- Generated by org.testng.reporters.JUnitReportReporter -->
<testsuite skipped="0" hostname="Surya" name="testcases.TC11_PractiseForm_Page" tests="1" failures="0" timestamp="29 Oct 2020 06:28:19 GMT" time="3.419" errors="0">
  <testcase name="all_Valid_Data" time="3.419" classname="testcases.TC11_PractiseForm_Page"/>
</testsuite> <!-- testcases.TC11_PractiseForm_Page -->
