<?xml version="1.0" encoding="UTF-8"?>
<!-- Generated by org.testng.reporters.JUnitReportReporter -->
<testsuite skipped="0" hostname="Surya" name="testcases.TC5_Buttons_Page" tests="3" failures="0" timestamp="04 Nov 2020 07:04:04 GMT" time="2.639" errors="0">
  <testcase name="testing_left_click_button" time="0.724" classname="testcases.TC5_Buttons_Page"/>
  <testcase name="testing_right_click_button" time="0.879" classname="testcases.TC5_Buttons_Page"/>
  <testcase name="testing_double_click_button" time="1.036" classname="testcases.TC5_Buttons_Page"/>
</testsuite> <!-- testcases.TC5_Buttons_Page -->
