<?xml version="1.0" encoding="UTF-8"?>
<!-- Generated by org.testng.reporters.JUnitReportReporter -->
<testsuite skipped="0" hostname="Surya" name="testcases.TC3_RadioButton_Page" tests="4" failures="0" timestamp="04 Nov 2020 07:04:04 GMT" time="2.770" errors="0">
  <testcase name="testing_status_of_radiobuttons" time="0.730" classname="testcases.TC3_RadioButton_Page"/>
  <testcase name="testing_Yes_radio_button" time="0.671" classname="testcases.TC3_RadioButton_Page"/>
  <testcase name="testing_Impressive_radio_button" time="0.658" classname="testcases.TC3_RadioButton_Page"/>
  <testcase name="testing_No_radio_button" time="0.711" classname="testcases.TC3_RadioButton_Page"/>
</testsuite> <!-- testcases.TC3_RadioButton_Page -->
