<?xml version="1.0" encoding="UTF-8"?>
<!-- Generated by org.testng.reporters.JUnitReportReporter -->
<testsuite skipped="0" hostname="Surya" name="testcases.TC5_Buttons_Page" tests="3" failures="0" timestamp="03 Nov 2020 05:42:46 GMT" time="4.315" errors="0">
  <testcase name="testing_left_click_button" time="1.081" classname="testcases.TC5_Buttons_Page"/>
  <testcase name="testing_right_click_button" time="1.507" classname="testcases.TC5_Buttons_Page"/>
  <testcase name="testing_double_click_button" time="1.727" classname="testcases.TC5_Buttons_Page"/>
</testsuite> <!-- testcases.TC5_Buttons_Page -->
