<?xml version="1.0" encoding="UTF-8"?>
<!-- Generated by org.testng.reporters.JUnitReportReporter -->
<testsuite skipped="0" hostname="Surya" name="testcases.TC22_Alerts_Page" tests="4" failures="0" timestamp="04 Nov 2020 07:07:15 GMT" time="8.160" errors="0">
  <testcase name="testing_alert_button" time="0.699" classname="testcases.TC22_Alerts_Page"/>
  <testcase name="testing_timed_alert_button" time="5.775" classname="testcases.TC22_Alerts_Page"/>
  <testcase name="testing_confirm_button" time="0.881" classname="testcases.TC22_Alerts_Page"/>
  <testcase name="testing_prompt_button" time="0.805" classname="testcases.TC22_Alerts_Page"/>
</testsuite> <!-- testcases.TC22_Alerts_Page -->
