<?xml version="1.0" encoding="UTF-8"?>
<!-- Generated by org.testng.reporters.JUnitReportReporter -->
<testsuite skipped="0" hostname="Surya" name="testcases.TC2_CheckBox_Page" tests="9" failures="0" timestamp="04 Nov 2020 07:07:15 GMT" time="1.144" errors="0">
  <testcase name="testing_Unexpanded_Expansion" time="0.032" classname="testcases.TC2_CheckBox_Page"/>
  <testcase name="testing_ExpandAll_Button" time="0.144" classname="testcases.TC2_CheckBox_Page"/>
  <testcase name="testing_CollapseAll_Button" time="0.096" classname="testcases.TC2_CheckBox_Page"/>
  <testcase name="testing_desktop_checkBox_text_by_Checking" time="0.212" classname="testcases.TC2_CheckBox_Page"/>
  <testcase name="testing_desktop_checkBox_text_by_UnChecking" time="0.060" classname="testcases.TC2_CheckBox_Page"/>
  <testcase name="testing_documents_checkBox_text_by_Checking" time="0.290" classname="testcases.TC2_CheckBox_Page"/>
  <testcase name="testing_documents_checkBox_text_by_UnChecking" time="0.062" classname="testcases.TC2_CheckBox_Page"/>
  <testcase name="testing_downloads_checkBox_text_by_Checking" time="0.180" classname="testcases.TC2_CheckBox_Page"/>
  <testcase name="testing_downloads_checkBox_text_by_UnChecking" time="0.068" classname="testcases.TC2_CheckBox_Page"/>
</testsuite> <!-- testcases.TC2_CheckBox_Page -->
