<?xml version="1.0" encoding="UTF-8"?>
<!-- Generated by org.testng.reporters.JUnitReportReporter -->
<testsuite skipped="0" hostname="Surya" name="testcases.TC21_BrowserWindows_Page" tests="3" failures="0" timestamp="04 Nov 2020 07:07:15 GMT" time="2.718" errors="0">
  <testcase name="testing_New_Tab_Button" time="2.223" classname="testcases.TC21_BrowserWindows_Page"/>
  <testcase name="testing_New_Window_Button" time="0.203" classname="testcases.TC21_BrowserWindows_Page"/>
  <testcase name="testing_New_Window_with_Message_Button" time="0.292" classname="testcases.TC21_BrowserWindows_Page"/>
</testsuite> <!-- testcases.TC21_BrowserWindows_Page -->
