<?xml version="1.0" encoding="UTF-8"?>
<!-- Generated by org.testng.reporters.JUnitReportReporter -->
<testsuite skipped="0" hostname="Surya" name="testcases.TC3_RadioButton_Page" tests="4" failures="0" timestamp="23 Oct 2020 04:47:05 GMT" time="0.161" errors="0">
  <testcase name="testing_Yes_radio_button" time="0.046" classname="testcases.TC3_RadioButton_Page"/>
  <testcase name="testingHeader_radiobutton_text" time="0.029" classname="testcases.TC3_RadioButton_Page"/>
  <testcase name="testing_No_radio_button" time="0.037" classname="testcases.TC3_RadioButton_Page"/>
  <testcase name="testing_Impressive_radio_button" time="0.049" classname="testcases.TC3_RadioButton_Page"/>
</testsuite> <!-- testcases.TC3_RadioButton_Page -->
